<?xml version="1.0" encoding="UTF-8"?>
<testsuite name="org.example.moviemate.controller.WatchlistControllerTest" tests="2" skipped="0" failures="0" errors="0" timestamp="2026-01-20T11:17:59.564Z" hostname="WIN-T487CSD2H0J" time="0.027">
  <properties/>
  <testcase name="addMovie_ShouldReturnOk()" classname="org.example.moviemate.controller.WatchlistControllerTest" time="0.02"/>
  <testcase name="getWatchlist_ShouldReturnData()" classname="org.example.moviemate.controller.WatchlistControllerTest" time="0.005"/>
  <system-out><![CDATA[2026-01-20T15:17:56.514+04:00  INFO 15020 --- [moviemate] [    Test worker] t.c.s.AnnotationConfigContextLoaderUtils : Could not detect default configuration classes for test class [org.example.moviemate.controller.WatchlistControllerTest]: WatchlistControllerTest does not declare any static, non-private, non-final, nested classes annotated with @Configuration.
2026-01-20T15:17:56.519+04:00  INFO 15020 --- [moviemate] [    Test worker] .b.t.c.SpringBootTestContextBootstrapper : Found @SpringBootConfiguration org.example.moviemate.MoviemateApplication for test class org.example.moviemate.controller.WatchlistControllerTest

  .   ____          _            __ _ _
 /\\ / ___'_ __ _ _(_)_ __  __ _ \ \ \ \
( ( )\___ | '_ | '_| | '_ \/ _` | \ \ \ \
 \\/  ___)| |_)| | | | | || (_| |  ) ) ) )
  '  |____| .__|_| |_|_| |_\__, | / / / /
 =========|_|==============|___/=/_/_/_/

 :: Spring Boot ::                (v3.3.5)

2026-01-20T15:17:56.546+04:00  INFO 15020 --- [moviemate] [    Test worker] o.e.m.c.WatchlistControllerTest          : Starting WatchlistControllerTest using Java 17.0.12 with PID 15020 (started by user in C:\Users\user\Documents\moviemate)
2026-01-20T15:17:56.547+04:00  INFO 15020 --- [moviemate] [    Test worker] o.e.m.c.WatchlistControllerTest          : No active profile set, falling back to 1 default profile: "default"
2026-01-20T15:17:57.173+04:00  INFO 15020 --- [moviemate] [    Test worker] .s.d.r.c.RepositoryConfigurationDelegate : Bootstrapping Spring Data JPA repositories in DEFAULT mode.
2026-01-20T15:17:57.241+04:00  INFO 15020 --- [moviemate] [    Test worker] .s.d.r.c.RepositoryConfigurationDelegate : Finished Spring Data repository scanning in 67 ms. Found 5 JPA repository interfaces.
2026-01-20T15:17:57.626+04:00  INFO 15020 --- [moviemate] [    Test worker] o.hibernate.jpa.internal.util.LogHelper  : HHH000204: Processing PersistenceUnitInfo [name: default]
2026-01-20T15:17:57.639+04:00  INFO 15020 --- [moviemate] [    Test worker] o.h.c.internal.RegionFactoryInitiator    : HHH000026: Second-level cache disabled
2026-01-20T15:17:57.680+04:00  INFO 15020 --- [moviemate] [    Test worker] o.s.o.j.p.SpringPersistenceUnitInfo      : No LoadTimeWeaver setup: ignoring JPA class transformer
2026-01-20T15:17:57.682+04:00  INFO 15020 --- [moviemate] [    Test worker] com.zaxxer.hikari.HikariDataSource       : HikariPool-7 - Starting...
2026-01-20T15:17:57.721+04:00  INFO 15020 --- [moviemate] [    Test worker] com.zaxxer.hikari.pool.HikariPool        : HikariPool-7 - Added connection org.postgresql.jdbc.PgConnection@5bdf2408
2026-01-20T15:17:57.721+04:00  INFO 15020 --- [moviemate] [    Test worker] com.zaxxer.hikari.HikariDataSource       : HikariPool-7 - Start completed.
2026-01-20T15:17:57.987+04:00  INFO 15020 --- [moviemate] [    Test worker] o.h.e.t.j.p.i.JtaPlatformInitiator       : HHH000489: No JTA platform available (set 'hibernate.transaction.jta.platform' to enable JTA platform integration)
2026-01-20T15:17:58.193+04:00  INFO 15020 --- [moviemate] [    Test worker] j.LocalContainerEntityManagerFactoryBean : Initialized JPA EntityManagerFactory for persistence unit 'default'
2026-01-20T15:17:58.490+04:00  INFO 15020 --- [moviemate] [    Test worker] eAuthenticationProviderManagerConfigurer : Global AuthenticationManager configured with AuthenticationProvider bean with name authenticationProvider
2026-01-20T15:17:58.490+04:00  WARN 15020 --- [moviemate] [    Test worker] r$InitializeUserDetailsManagerConfigurer : Global AuthenticationManager configured with an AuthenticationProvider bean. UserDetailsService beans will not be used for username/password login. Consider removing the AuthenticationProvider bean. Alternatively, consider using the UserDetailsService in a manually instantiated DaoAuthenticationProvider.
2026-01-20T15:17:58.792+04:00  WARN 15020 --- [moviemate] [    Test worker] JpaBaseConfiguration$JpaWebConfiguration : spring.jpa.open-in-view is enabled by default. Therefore, database queries may be performed during view rendering. Explicitly configure spring.jpa.open-in-view to disable this warning
2026-01-20T15:17:59.128+04:00  INFO 15020 --- [moviemate] [    Test worker] o.s.b.a.e.web.EndpointLinksResolver      : Exposing 1 endpoint beneath base path '/actuator'
2026-01-20T15:17:59.533+04:00  INFO 15020 --- [moviemate] [    Test worker] o.s.b.t.m.w.SpringBootMockServletContext : Initializing Spring TestDispatcherServlet ''
2026-01-20T15:17:59.533+04:00  INFO 15020 --- [moviemate] [    Test worker] o.s.t.web.servlet.TestDispatcherServlet  : Initializing Servlet ''
2026-01-20T15:17:59.535+04:00  INFO 15020 --- [moviemate] [    Test worker] o.s.t.web.servlet.TestDispatcherServlet  : Completed initialization in 2 ms
2026-01-20T15:17:59.560+04:00  INFO 15020 --- [moviemate] [    Test worker] o.e.m.c.WatchlistControllerTest          : Started WatchlistControllerTest in 3.035 seconds (process running for 32.133)
]]></system-out>
  <system-err><![CDATA[]]></system-err>
</testsuite>
