<?xml version="1.0" encoding="UTF-8"?>
<testsuite name="org.example.moviemate.controller.StatsControllerTest" tests="2" skipped="0" failures="0" errors="0" timestamp="2026-01-20T11:17:54.115Z" hostname="WIN-T487CSD2H0J" time="0.026">
  <properties/>
  <testcase name="getUserStats_ShouldReturnOk()" classname="org.example.moviemate.controller.StatsControllerTest" time="0.012"/>
  <testcase name="getSystemStats_ShouldReturnOk()" classname="org.example.moviemate.controller.StatsControllerTest" time="0.013"/>
  <system-out><![CDATA[2026-01-20T15:17:52.098+04:00  INFO 15020 --- [moviemate] [    Test worker] t.c.s.AnnotationConfigContextLoaderUtils : Could not detect default configuration classes for test class [org.example.moviemate.controller.StatsControllerTest]: StatsControllerTest does not declare any static, non-private, non-final, nested classes annotated with @Configuration.
2026-01-20T15:17:52.103+04:00  INFO 15020 --- [moviemate] [    Test worker] .b.t.c.SpringBootTestContextBootstrapper : Found @SpringBootConfiguration org.example.moviemate.MoviemateApplication for test class org.example.moviemate.controller.StatsControllerTest

  .   ____          _            __ _ _
 /\\ / ___'_ __ _ _(_)_ __  __ _ \ \ \ \
( ( )\___ | '_ | '_| | '_ \/ _` | \ \ \ \
 \\/  ___)| |_)| | | | | || (_| |  ) ) ) )
  '  |____| .__|_| |_|_| |_\__, | / / / /
 =========|_|==============|___/=/_/_/_/

 :: Spring Boot ::                (v3.3.5)

2026-01-20T15:17:52.133+04:00  INFO 15020 --- [moviemate] [    Test worker] o.e.m.controller.StatsControllerTest     : Starting StatsControllerTest using Java 17.0.12 with PID 15020 (started by user in C:\Users\user\Documents\moviemate)
2026-01-20T15:17:52.133+04:00  INFO 15020 --- [moviemate] [    Test worker] o.e.m.controller.StatsControllerTest     : No active profile set, falling back to 1 default profile: "default"
2026-01-20T15:17:52.568+04:00  INFO 15020 --- [moviemate] [    Test worker] .s.d.r.c.RepositoryConfigurationDelegate : Bootstrapping Spring Data JPA repositories in DEFAULT mode.
2026-01-20T15:17:52.610+04:00  INFO 15020 --- [moviemate] [    Test worker] .s.d.r.c.RepositoryConfigurationDelegate : Finished Spring Data repository scanning in 42 ms. Found 5 JPA repository interfaces.
2026-01-20T15:17:52.860+04:00  INFO 15020 --- [moviemate] [    Test worker] o.hibernate.jpa.internal.util.LogHelper  : HHH000204: Processing PersistenceUnitInfo [name: default]
2026-01-20T15:17:52.865+04:00  INFO 15020 --- [moviemate] [    Test worker] o.h.c.internal.RegionFactoryInitiator    : HHH000026: Second-level cache disabled
2026-01-20T15:17:52.876+04:00  INFO 15020 --- [moviemate] [    Test worker] o.s.o.j.p.SpringPersistenceUnitInfo      : No LoadTimeWeaver setup: ignoring JPA class transformer
2026-01-20T15:17:52.878+04:00  INFO 15020 --- [moviemate] [    Test worker] com.zaxxer.hikari.HikariDataSource       : HikariPool-5 - Starting...
2026-01-20T15:17:52.897+04:00  INFO 15020 --- [moviemate] [    Test worker] com.zaxxer.hikari.pool.HikariPool        : HikariPool-5 - Added connection org.postgresql.jdbc.PgConnection@4de6beac
2026-01-20T15:17:52.900+04:00  INFO 15020 --- [moviemate] [    Test worker] com.zaxxer.hikari.HikariDataSource       : HikariPool-5 - Start completed.
2026-01-20T15:17:53.046+04:00  INFO 15020 --- [moviemate] [    Test worker] o.h.e.t.j.p.i.JtaPlatformInitiator       : HHH000489: No JTA platform available (set 'hibernate.transaction.jta.platform' to enable JTA platform integration)
2026-01-20T15:17:53.166+04:00  INFO 15020 --- [moviemate] [    Test worker] j.LocalContainerEntityManagerFactoryBean : Initialized JPA EntityManagerFactory for persistence unit 'default'
2026-01-20T15:17:53.291+04:00  INFO 15020 --- [moviemate] [    Test worker] eAuthenticationProviderManagerConfigurer : Global AuthenticationManager configured with AuthenticationProvider bean with name authenticationProvider
2026-01-20T15:17:53.292+04:00  WARN 15020 --- [moviemate] [    Test worker] r$InitializeUserDetailsManagerConfigurer : Global AuthenticationManager configured with an AuthenticationProvider bean. UserDetailsService beans will not be used for username/password login. Consider removing the AuthenticationProvider bean. Alternatively, consider using the UserDetailsService in a manually instantiated DaoAuthenticationProvider.
2026-01-20T15:17:53.459+04:00  WARN 15020 --- [moviemate] [    Test worker] JpaBaseConfiguration$JpaWebConfiguration : spring.jpa.open-in-view is enabled by default. Therefore, database queries may be performed during view rendering. Explicitly configure spring.jpa.open-in-view to disable this warning
2026-01-20T15:17:53.711+04:00  INFO 15020 --- [moviemate] [    Test worker] o.s.b.a.e.web.EndpointLinksResolver      : Exposing 1 endpoint beneath base path '/actuator'
2026-01-20T15:17:54.061+04:00  INFO 15020 --- [moviemate] [    Test worker] o.s.b.t.m.w.SpringBootMockServletContext : Initializing Spring TestDispatcherServlet ''
2026-01-20T15:17:54.062+04:00  INFO 15020 --- [moviemate] [    Test worker] o.s.t.web.servlet.TestDispatcherServlet  : Initializing Servlet ''
2026-01-20T15:17:54.064+04:00  INFO 15020 --- [moviemate] [    Test worker] o.s.t.web.servlet.TestDispatcherServlet  : Completed initialization in 2 ms
2026-01-20T15:17:54.112+04:00  INFO 15020 --- [moviemate] [    Test worker] o.e.m.controller.StatsControllerTest     : Started StatsControllerTest in 2.003 seconds (process running for 26.684)
]]></system-out>
  <system-err><![CDATA[]]></system-err>
</testsuite>
