<?xml version="1.0" encoding="UTF-8"?>
<testsuite name="org.example.moviemate.controller.DiaryControllerTest" tests="3" skipped="0" failures="0" errors="0" timestamp="2026-01-20T11:17:44.892Z" hostname="WIN-T487CSD2H0J" time="0.105">
  <properties/>
  <testcase name="removeMovie_ShouldReturnOk()" classname="org.example.moviemate.controller.DiaryControllerTest" time="0.027"/>
  <testcase name="getUserDiary_ShouldReturnList()" classname="org.example.moviemate.controller.DiaryControllerTest" time="0.039"/>
  <testcase name="logMovie_ShouldReturnSuccess()" classname="org.example.moviemate.controller.DiaryControllerTest" time="0.036"/>
  <system-out><![CDATA[2026-01-20T15:17:41.833+04:00  INFO 15020 --- [moviemate] [    Test worker] t.c.s.AnnotationConfigContextLoaderUtils : Could not detect default configuration classes for test class [org.example.moviemate.controller.DiaryControllerTest]: DiaryControllerTest does not declare any static, non-private, non-final, nested classes annotated with @Configuration.
2026-01-20T15:17:41.838+04:00  INFO 15020 --- [moviemate] [    Test worker] .b.t.c.SpringBootTestContextBootstrapper : Found @SpringBootConfiguration org.example.moviemate.MoviemateApplication for test class org.example.moviemate.controller.DiaryControllerTest

  .   ____          _            __ _ _
 /\\ / ___'_ __ _ _(_)_ __  __ _ \ \ \ \
( ( )\___ | '_ | '_| | '_ \/ _` | \ \ \ \
 \\/  ___)| |_)| | | | | || (_| |  ) ) ) )
  '  |____| .__|_| |_|_| |_\__, | / / / /
 =========|_|==============|___/=/_/_/_/

 :: Spring Boot ::                (v3.3.5)

2026-01-20T15:17:41.903+04:00  INFO 15020 --- [moviemate] [    Test worker] o.e.m.controller.DiaryControllerTest     : Starting DiaryControllerTest using Java 17.0.12 with PID 15020 (started by user in C:\Users\user\Documents\moviemate)
2026-01-20T15:17:41.903+04:00  INFO 15020 --- [moviemate] [    Test worker] o.e.m.controller.DiaryControllerTest     : No active profile set, falling back to 1 default profile: "default"
2026-01-20T15:17:42.633+04:00  INFO 15020 --- [moviemate] [    Test worker] .s.d.r.c.RepositoryConfigurationDelegate : Bootstrapping Spring Data JPA repositories in DEFAULT mode.
2026-01-20T15:17:42.688+04:00  INFO 15020 --- [moviemate] [    Test worker] .s.d.r.c.RepositoryConfigurationDelegate : Finished Spring Data repository scanning in 54 ms. Found 5 JPA repository interfaces.
2026-01-20T15:17:42.975+04:00  INFO 15020 --- [moviemate] [    Test worker] o.hibernate.jpa.internal.util.LogHelper  : HHH000204: Processing PersistenceUnitInfo [name: default]
2026-01-20T15:17:42.980+04:00  INFO 15020 --- [moviemate] [    Test worker] o.h.c.internal.RegionFactoryInitiator    : HHH000026: Second-level cache disabled
2026-01-20T15:17:43.001+04:00  INFO 15020 --- [moviemate] [    Test worker] o.s.o.j.p.SpringPersistenceUnitInfo      : No LoadTimeWeaver setup: ignoring JPA class transformer
2026-01-20T15:17:43.003+04:00  INFO 15020 --- [moviemate] [    Test worker] com.zaxxer.hikari.HikariDataSource       : HikariPool-2 - Starting...
2026-01-20T15:17:43.035+04:00  INFO 15020 --- [moviemate] [    Test worker] com.zaxxer.hikari.pool.HikariPool        : HikariPool-2 - Added connection org.postgresql.jdbc.PgConnection@1414800e
2026-01-20T15:17:43.036+04:00  INFO 15020 --- [moviemate] [    Test worker] com.zaxxer.hikari.HikariDataSource       : HikariPool-2 - Start completed.
2026-01-20T15:17:43.270+04:00  INFO 15020 --- [moviemate] [    Test worker] o.h.e.t.j.p.i.JtaPlatformInitiator       : HHH000489: No JTA platform available (set 'hibernate.transaction.jta.platform' to enable JTA platform integration)
2026-01-20T15:17:43.437+04:00  INFO 15020 --- [moviemate] [    Test worker] j.LocalContainerEntityManagerFactoryBean : Initialized JPA EntityManagerFactory for persistence unit 'default'
2026-01-20T15:17:43.645+04:00  INFO 15020 --- [moviemate] [    Test worker] eAuthenticationProviderManagerConfigurer : Global AuthenticationManager configured with AuthenticationProvider bean with name authenticationProvider
2026-01-20T15:17:43.646+04:00  WARN 15020 --- [moviemate] [    Test worker] r$InitializeUserDetailsManagerConfigurer : Global AuthenticationManager configured with an AuthenticationProvider bean. UserDetailsService beans will not be used for username/password login. Consider removing the AuthenticationProvider bean. Alternatively, consider using the UserDetailsService in a manually instantiated DaoAuthenticationProvider.
2026-01-20T15:17:43.892+04:00  WARN 15020 --- [moviemate] [    Test worker] JpaBaseConfiguration$JpaWebConfiguration : spring.jpa.open-in-view is enabled by default. Therefore, database queries may be performed during view rendering. Explicitly configure spring.jpa.open-in-view to disable this warning
2026-01-20T15:17:44.283+04:00  INFO 15020 --- [moviemate] [    Test worker] o.s.b.a.e.web.EndpointLinksResolver      : Exposing 1 endpoint beneath base path '/actuator'
2026-01-20T15:17:44.843+04:00  INFO 15020 --- [moviemate] [    Test worker] o.s.b.t.m.w.SpringBootMockServletContext : Initializing Spring TestDispatcherServlet ''
2026-01-20T15:17:44.843+04:00  INFO 15020 --- [moviemate] [    Test worker] o.s.t.web.servlet.TestDispatcherServlet  : Initializing Servlet ''
2026-01-20T15:17:44.846+04:00  INFO 15020 --- [moviemate] [    Test worker] o.s.t.web.servlet.TestDispatcherServlet  : Completed initialization in 3 ms
2026-01-20T15:17:44.888+04:00  INFO 15020 --- [moviemate] [    Test worker] o.e.m.controller.DiaryControllerTest     : Started DiaryControllerTest in 3.045 seconds (process running for 17.46)
]]></system-out>
  <system-err><![CDATA[]]></system-err>
</testsuite>
