<?xml version="1.0" encoding="UTF-8"?>
<testsuite name="org.example.moviemate.mapper.ReviewMapperTest" tests="1" skipped="0" failures="0" errors="0" timestamp="2026-01-20T11:18:01.666Z" hostname="WIN-T487CSD2H0J" time="0.005">
  <properties/>
  <testcase name="toReviewEntity_ShouldMapIdsToEntities()" classname="org.example.moviemate.mapper.ReviewMapperTest" time="0.005"/>
  <system-out><![CDATA[2026-01-20T15:18:01.660+04:00  INFO 15020 --- [moviemate] [    Test worker] t.c.s.AnnotationConfigContextLoaderUtils : Could not detect default configuration classes for test class [org.example.moviemate.mapper.ReviewMapperTest]: ReviewMapperTest does not declare any static, non-private, non-final, nested classes annotated with @Configuration.
2026-01-20T15:18:01.662+04:00  INFO 15020 --- [moviemate] [    Test worker] .b.t.c.SpringBootTestContextBootstrapper : Found @SpringBootConfiguration org.example.moviemate.MoviemateApplication for test class org.example.moviemate.mapper.ReviewMapperTest
]]></system-out>
  <system-err><![CDATA[]]></system-err>
</testsuite>
