<?xml version="1.0" encoding="UTF-8"?>
<testsuite name="org.example.moviemate.controller.ReviewControllerTest" tests="2" skipped="0" failures="0" errors="0" timestamp="2026-01-20T11:17:52.044Z" hostname="WIN-T487CSD2H0J" time="0.05">
  <properties/>
  <testcase name="getReviewsByMovie_ShouldReturnList()" classname="org.example.moviemate.controller.ReviewControllerTest" time="0.015"/>
  <testcase name="addReview_ShouldReturnOk()" classname="org.example.moviemate.controller.ReviewControllerTest" time="0.034"/>
  <system-out><![CDATA[2026-01-20T15:17:48.747+04:00  INFO 15020 --- [moviemate] [    Test worker] t.c.s.AnnotationConfigContextLoaderUtils : Could not detect default configuration classes for test class [org.example.moviemate.controller.ReviewControllerTest]: ReviewControllerTest does not declare any static, non-private, non-final, nested classes annotated with @Configuration.
2026-01-20T15:17:48.751+04:00  INFO 15020 --- [moviemate] [    Test worker] .b.t.c.SpringBootTestContextBootstrapper : Found @SpringBootConfiguration org.example.moviemate.MoviemateApplication for test class org.example.moviemate.controller.ReviewControllerTest

  .   ____          _            __ _ _
 /\\ / ___'_ __ _ _(_)_ __  __ _ \ \ \ \
( ( )\___ | '_ | '_| | '_ \/ _` | \ \ \ \
 \\/  ___)| |_)| | | | | || (_| |  ) ) ) )
  '  |____| .__|_| |_|_| |_\__, | / / / /
 =========|_|==============|___/=/_/_/_/

 :: Spring Boot ::                (v3.3.5)

2026-01-20T15:17:48.810+04:00  INFO 15020 --- [moviemate] [    Test worker] o.e.m.controller.ReviewControllerTest    : Starting ReviewControllerTest using Java 17.0.12 with PID 15020 (started by user in C:\Users\user\Documents\moviemate)
2026-01-20T15:17:48.810+04:00  INFO 15020 --- [moviemate] [    Test worker] o.e.m.controller.ReviewControllerTest    : No active profile set, falling back to 1 default profile: "default"
2026-01-20T15:17:49.685+04:00  INFO 15020 --- [moviemate] [    Test worker] .s.d.r.c.RepositoryConfigurationDelegate : Bootstrapping Spring Data JPA repositories in DEFAULT mode.
2026-01-20T15:17:49.762+04:00  INFO 15020 --- [moviemate] [    Test worker] .s.d.r.c.RepositoryConfigurationDelegate : Finished Spring Data repository scanning in 75 ms. Found 5 JPA repository interfaces.
2026-01-20T15:17:50.049+04:00  INFO 15020 --- [moviemate] [    Test worker] o.hibernate.jpa.internal.util.LogHelper  : HHH000204: Processing PersistenceUnitInfo [name: default]
2026-01-20T15:17:50.054+04:00  INFO 15020 --- [moviemate] [    Test worker] o.h.c.internal.RegionFactoryInitiator    : HHH000026: Second-level cache disabled
2026-01-20T15:17:50.086+04:00  INFO 15020 --- [moviemate] [    Test worker] o.s.o.j.p.SpringPersistenceUnitInfo      : No LoadTimeWeaver setup: ignoring JPA class transformer
2026-01-20T15:17:50.097+04:00  INFO 15020 --- [moviemate] [    Test worker] com.zaxxer.hikari.HikariDataSource       : HikariPool-4 - Starting...
2026-01-20T15:17:50.148+04:00  INFO 15020 --- [moviemate] [    Test worker] com.zaxxer.hikari.pool.HikariPool        : HikariPool-4 - Added connection org.postgresql.jdbc.PgConnection@576bedd9
2026-01-20T15:17:50.148+04:00  INFO 15020 --- [moviemate] [    Test worker] com.zaxxer.hikari.HikariDataSource       : HikariPool-4 - Start completed.
2026-01-20T15:17:50.502+04:00  INFO 15020 --- [moviemate] [    Test worker] o.h.e.t.j.p.i.JtaPlatformInitiator       : HHH000489: No JTA platform available (set 'hibernate.transaction.jta.platform' to enable JTA platform integration)
2026-01-20T15:17:50.770+04:00  INFO 15020 --- [moviemate] [    Test worker] j.LocalContainerEntityManagerFactoryBean : Initialized JPA EntityManagerFactory for persistence unit 'default'
2026-01-20T15:17:51.040+04:00  INFO 15020 --- [moviemate] [    Test worker] eAuthenticationProviderManagerConfigurer : Global AuthenticationManager configured with AuthenticationProvider bean with name authenticationProvider
2026-01-20T15:17:51.041+04:00  WARN 15020 --- [moviemate] [    Test worker] r$InitializeUserDetailsManagerConfigurer : Global AuthenticationManager configured with an AuthenticationProvider bean. UserDetailsService beans will not be used for username/password login. Consider removing the AuthenticationProvider bean. Alternatively, consider using the UserDetailsService in a manually instantiated DaoAuthenticationProvider.
2026-01-20T15:17:51.291+04:00  WARN 15020 --- [moviemate] [    Test worker] JpaBaseConfiguration$JpaWebConfiguration : spring.jpa.open-in-view is enabled by default. Therefore, database queries may be performed during view rendering. Explicitly configure spring.jpa.open-in-view to disable this warning
2026-01-20T15:17:51.584+04:00  INFO 15020 --- [moviemate] [    Test worker] o.s.b.a.e.web.EndpointLinksResolver      : Exposing 1 endpoint beneath base path '/actuator'
2026-01-20T15:17:52.003+04:00  INFO 15020 --- [moviemate] [    Test worker] o.s.b.t.m.w.SpringBootMockServletContext : Initializing Spring TestDispatcherServlet ''
2026-01-20T15:17:52.004+04:00  INFO 15020 --- [moviemate] [    Test worker] o.s.t.web.servlet.TestDispatcherServlet  : Initializing Servlet ''
2026-01-20T15:17:52.008+04:00  INFO 15020 --- [moviemate] [    Test worker] o.s.t.web.servlet.TestDispatcherServlet  : Completed initialization in 4 ms
2026-01-20T15:17:52.040+04:00  INFO 15020 --- [moviemate] [    Test worker] o.e.m.controller.ReviewControllerTest    : Started ReviewControllerTest in 3.281 seconds (process running for 24.613)
]]></system-out>
  <system-err><![CDATA[]]></system-err>
</testsuite>
